<?xml version="1.0" encoding="UTF-8"?>
<!-- Generated by org.testng.reporters.JUnitReportReporter -->
<testsuite hostname="Mayank-PL" failures="0" tests="1" name="Axis_DD.DD.ReadExcel" time="22.230" errors="0" timestamp="2024-02-27T13:25:44 IST" skipped="0">
  <testcase classname="Axis_DD.DD.ReadExcel" name="fblogin" time="22.230"/>
  <system-out/>
</testsuite> <!-- Axis_DD.DD.ReadExcel -->
