<?xml version="1.0" encoding="UTF-8"?>
<!-- Generated by org.testng.reporters.JUnitReportReporter -->
<testsuite hostname="Mayank-PL" failures="0" tests="1" name="Axis_DD.DD.WriteToData" time="8.682" errors="0" timestamp="2024-02-27T14:29:36 IST" skipped="0">
  <testcase classname="Axis_DD.DD.WriteToData" name="fblogin" time="8.682"/>
  <system-out/>
</testsuite> <!-- Axis_DD.DD.WriteToData -->
