<?xml version="1.0" encoding="UTF-8"?>
<!-- Generated by org.testng.reporters.JUnitReportReporter -->
<testsuite hostname="Mayank-PL" failures="0" tests="1" name="Axis_DD.DD.WriteToData" time="5.839" errors="0" timestamp="2024-02-28T12:19:38 IST" skipped="0">
  <testcase classname="Axis_DD.DD.WriteToData" name="fblogin" time="5.839"/>
  <system-out/>
</testsuite> <!-- Axis_DD.DD.WriteToData -->
