<?xml version="1.0" encoding="UTF-8"?>
<!-- Generated by org.testng.reporters.JUnitReportReporter -->
<testsuite hostname="Mayank-PL" failures="0" tests="1" name="Axis_DD.DD.WriteToData" time="8.118" errors="0" timestamp="2024-02-28T12:55:55 IST" skipped="0">
  <testcase classname="Axis_DD.DD.WriteToData" name="fblogin" time="8.118"/>
  <system-out/>
</testsuite> <!-- Axis_DD.DD.WriteToData -->
